InstaTask/app/build/intermediates/manifest_merge_blame_file/debug/manifest-merger-blame-debug-report.txt
1<?xml version="1.0" encoding="utf-8"?>
2<manifest xmlns:android="http://schemas.android.com/apk/res/android"
3    package="com.example.instatask"
4    android:versionCode="1"
5    android:versionName="1.0" >
6
7    <uses-sdk
8        android:minSdkVersion="26"
8-->src\main\AndroidManifest.xml
9        android:targetSdkVersion="32" />
9-->src\main\AndroidManifest.xml
10
11    <uses-permission android:name="android.permission.ACCESS_COARSE_LOCATION" />
11-->src\main\AndroidManifest.xml:5:5-81
11-->src\main\AndroidManifest.xml:5:22-78
12    <uses-permission android:name="android.permission.ACCESS_FINE_LOCATION" />
12-->src\main\AndroidManifest.xml:6:5-79
12-->src\main\AndroidManifest.xml:6:22-76
13    <uses-permission android:name="android.permission.INTERNET" />
13-->src\main\AndroidManifest.xml:7:5-67
13-->src\main\AndroidManifest.xml:7:22-64
14    <uses-permission android:name="android.permission.ACCESS_WIFI_STATE" />
14-->src\main\AndroidManifest.xml:8:5-75
14-->src\main\AndroidManifest.xml:8:22-73
15    <!-- Include required permissions for Google Maps API to run. -->
16    <uses-permission android:name="android.permission.ACCESS_NETWORK_STATE" />
16-->[com.google.android.gms:play-services-maps:18.0.2] AndroidManifest.xml:23:5-79
16-->[com.google.android.gms:play-services-maps:18.0.2] AndroidManifest.xml:23:22-76
17
18    <uses-feature
18-->[com.google.android.gms:play-services-maps:18.0.2] AndroidManifest.xml:26:5-28:35
19        android:glEsVersion="0x00020000"
19-->[com.google.android.gms:play-services-maps:18.0.2] AndroidManifest.xml:27:9-41
20        android:required="true" />
20-->[com.google.android.gms:play-services-maps:18.0.2] AndroidManifest.xml:28:9-32
21
22    <queries>
22-->[com.google.android.gms:play-services-maps:18.0.2] AndroidManifest.xml:30:5-34:15
23
24        <!-- Needs to be explicitly declared on Android R+ -->
25        <package android:name="com.google.android.apps.maps" />
25-->[com.google.android.gms:play-services-maps:18.0.2] AndroidManifest.xml:33:9-64
25-->[com.google.android.gms:play-services-maps:18.0.2] AndroidManifest.xml:33:18-61
26    </queries>
27
28    <application
28-->src\main\AndroidManifest.xml:11:5-39:19
29        android:allowBackup="true"
29-->src\main\AndroidManifest.xml:12:9-35
30        android:appComponentFactory="androidx.core.app.CoreComponentFactory"
30-->[androidx.core:core:1.7.0] AndroidManifest.xml:24:18-86
31        android:debuggable="true"
32        android:extractNativeLibs="false"
33        android:icon="@mipmap/ic_sea_icon"
33-->src\main\AndroidManifest.xml:13:9-43
34        android:label="@string/app_name"
34-->src\main\AndroidManifest.xml:14:9-41
35        android:roundIcon="@mipmap/ic_sea_icon_round"
35-->src\main\AndroidManifest.xml:15:9-54
36        android:supportsRtl="true"
36-->src\main\AndroidManifest.xml:16:9-35
37        android:testOnly="true"
38        android:theme="@style/Theme.InstaTask" >
38-->src\main\AndroidManifest.xml:17:9-47
39        <activity
39-->src\main\AndroidManifest.xml:18:9-28:20
40            android:name="com.example.instatask.ui.app.MainActivity"
40-->src\main\AndroidManifest.xml:19:13-48
41            android:exported="true"
41-->src\main\AndroidManifest.xml:20:13-36
42            android:label="@string/app_name"
42-->src\main\AndroidManifest.xml:21:13-45
43            android:theme="@style/Theme.InstaTask" >
43-->src\main\AndroidManifest.xml:22:13-51
44            <intent-filter>
44-->src\main\AndroidManifest.xml:23:13-27:29
45                <action android:name="android.intent.action.MAIN" />
45-->src\main\AndroidManifest.xml:24:17-69
45-->src\main\AndroidManifest.xml:24:25-66
46
47                <category android:name="android.intent.category.LAUNCHER" />
47-->src\main\AndroidManifest.xml:26:17-77
47-->src\main\AndroidManifest.xml:26:27-74
48            </intent-filter>
49        </activity>
50
51        <meta-data
51-->src\main\AndroidManifest.xml:30:9-32:69
52            android:name="com.google.android.gms.version"
52-->src\main\AndroidManifest.xml:31:13-58
53            android:value="@integer/google_play_services_version" />
53-->src\main\AndroidManifest.xml:32:13-66
54        <meta-data
55            android:name="com.google.android.geo.API_KEY"
55-->src\main\AndroidManifest.xml:34:20-65
56            android:value="AIzaSyB9xBAV5fb2nEqNV9HDdOG9UTOB0eoCylc" />
56-->src\main\AndroidManifest.xml:34:66-97
57        <meta-data
57-->src\main\AndroidManifest.xml:35:9-37:57
58            android:name="preloaded_fonts"
58-->src\main\AndroidManifest.xml:36:13-43
59            android:resource="@array/preloaded_fonts" />
59-->src\main\AndroidManifest.xml:37:13-54
60
61        <service
61-->[androidx.room:room-runtime:2.5.0-alpha01] AndroidManifest.xml:26:9-30:63
62            android:name="androidx.room.MultiInstanceInvalidationService"
62-->[androidx.room:room-runtime:2.5.0-alpha01] AndroidManifest.xml:27:13-74
63            android:directBootAware="true"
63-->[androidx.room:room-runtime:2.5.0-alpha01] AndroidManifest.xml:28:13-43
64            android:exported="false" />
64-->[androidx.room:room-runtime:2.5.0-alpha01] AndroidManifest.xml:29:13-37
65
66        <activity
66-->[androidx.compose.ui:ui-tooling:1.0.2] AndroidManifest.xml:25:9-27:39
67            android:name="androidx.compose.ui.tooling.PreviewActivity"
67-->[androidx.compose.ui:ui-tooling:1.0.2] AndroidManifest.xml:26:13-71
68            android:exported="true" /> <!-- Needs to be explicitly declared on P+ -->
68-->[androidx.compose.ui:ui-tooling:1.0.2] AndroidManifest.xml:27:13-36
69        <uses-library
69-->[com.google.android.gms:play-services-maps:18.0.2] AndroidManifest.xml:39:9-41:40
70            android:name="org.apache.http.legacy"
70-->[com.google.android.gms:play-services-maps:18.0.2] AndroidManifest.xml:40:13-50
71            android:required="false" />
71-->[com.google.android.gms:play-services-maps:18.0.2] AndroidManifest.xml:41:13-37
72
73        <activity
73-->[com.google.android.gms:play-services-base:18.0.1] AndroidManifest.xml:20:9-22:45
74            android:name="com.google.android.gms.common.api.GoogleApiActivity"
74-->[com.google.android.gms:play-services-base:18.0.1] AndroidManifest.xml:20:19-85
75            android:exported="false"
75-->[com.google.android.gms:play-services-base:18.0.1] AndroidManifest.xml:22:19-43
76            android:theme="@android:style/Theme.Translucent.NoTitleBar" />
76-->[com.google.android.gms:play-services-base:18.0.1] AndroidManifest.xml:21:19-78
77
78        <provider
78-->[androidx.profileinstaller:profileinstaller:1.0.2] AndroidManifest.xml:26:9-34:20
79            android:name="androidx.startup.InitializationProvider"
79-->[androidx.profileinstaller:profileinstaller:1.0.2] AndroidManifest.xml:27:13-67
80            android:authorities="com.example.instatask.androidx-startup"
80-->[androidx.profileinstaller:profileinstaller:1.0.2] AndroidManifest.xml:28:13-68
81            android:exported="false" >
81-->[androidx.profileinstaller:profileinstaller:1.0.2] AndroidManifest.xml:29:13-37
82            <meta-data
82-->[androidx.profileinstaller:profileinstaller:1.0.2] AndroidManifest.xml:31:13-33:52
83                android:name="androidx.profileinstaller.ProfileInstallerInitializer"
83-->[androidx.profileinstaller:profileinstaller:1.0.2] AndroidManifest.xml:32:17-85
84                android:value="androidx.startup" />
84-->[androidx.profileinstaller:profileinstaller:1.0.2] AndroidManifest.xml:33:17-49
85        </provider>
86
87        <receiver
87-->[androidx.profileinstaller:profileinstaller:1.0.2] AndroidManifest.xml:36:9-45:20
88            android:name="androidx.profileinstaller.ProfileInstallReceiver"
88-->[androidx.profileinstaller:profileinstaller:1.0.2] AndroidManifest.xml:37:13-76
89            android:directBootAware="false"
89-->[androidx.profileinstaller:profileinstaller:1.0.2] AndroidManifest.xml:38:13-44
90            android:enabled="true"
90-->[androidx.profileinstaller:profileinstaller:1.0.2] AndroidManifest.xml:39:13-35
91            android:exported="true"
91-->[androidx.profileinstaller:profileinstaller:1.0.2] AndroidManifest.xml:40:13-36
92            android:permission="android.permission.DUMP" >
92-->[androidx.profileinstaller:profileinstaller:1.0.2] AndroidManifest.xml:41:13-57
93            <intent-filter>
93-->[androidx.profileinstaller:profileinstaller:1.0.2] AndroidManifest.xml:42:13-44:29
94                <action android:name="androidx.profileinstaller.action.INSTALL_PROFILE" />
94-->[androidx.profileinstaller:profileinstaller:1.0.2] AndroidManifest.xml:43:17-91
94-->[androidx.profileinstaller:profileinstaller:1.0.2] AndroidManifest.xml:43:25-88
95            </intent-filter>
96        </receiver>
97    </application>
98
99</manifest>